<?xml version="1.0" encoding="UTF-8"?>
<!-- Generated by org.testng.reporters.JUnitXMLReporter -->
<testsuite hostname="skc" name="Test" tests="11" failures="0" timestamp="26 Apr 2020 16:42:25 GMT" time="17.027" errors="0">
  <testcase name="@BeforeMethod settingupchrome" time="0.0" classname="com.test.GoogleTest">
    <failure type="org.openqa.selenium.WebDriverException" message="chrome not reachable
  (Session info: chrome=83.0.4103.24)
Build info: version: &amp;apos;3.141.59&amp;apos;, revision: &amp;apos;e82be7d358&amp;apos;, time: &amp;apos;2018-11-14T08:25:48&amp;apos;
System info: host: &amp;apos;SKC&amp;apos;, ip: &amp;apos;192.168.2.81&amp;apos;, os.name: &amp;apos;Windows 8.1&amp;apos;, os.arch: &amp;apos;x86&amp;apos;, os.version: &amp;apos;6.3&amp;apos;, java.version: &amp;apos;1.8.0_161&amp;apos;
Driver info: org.openqa.selenium.chrome.ChromeDriver
Capabilities {acceptInsecureCerts: false, browserName: chrome, browserVersion: 83.0.4103.24, chrome: {chromedriverVersion: 83.0.4103.14 (be04594a2b841..., userDataDir: C:\Users\sai\AppData\Local\...}, goog:chromeOptions: {debuggerAddress: localhost:53361}, javascriptEnabled: true, networkConnectionEnabled: false, pageLoadStrategy: normal, platform: WINDOWS, platformName: WINDOWS, proxy: Proxy(), setWindowRect: true, strictFileInteractability: false, timeouts: {implicit: 0, pageLoad: 300000, script: 30000}, unhandledPromptBehavior: dismiss and notify, webauthn:virtualAuthenticators: true}
Session ID: 0705ab5e4069f05ecf4ed5d619bfa6f8">
      <![CDATA[org.openqa.selenium.WebDriverException: chrome not reachable
  (Session info: chrome=83.0.4103.24)
Build info: version: '3.141.59', revision: 'e82be7d358', time: '2018-11-14T08:25:48'
System info: host: 'SKC', ip: '192.168.2.81', os.name: 'Windows 8.1', os.arch: 'x86', os.version: '6.3', java.version: '1.8.0_161'
Driver info: org.openqa.selenium.chrome.ChromeDriver
Capabilities {acceptInsecureCerts: false, browserName: chrome, browserVersion: 83.0.4103.24, chrome: {chromedriverVersion: 83.0.4103.14 (be04594a2b841..., userDataDir: C:\Users\sai\AppData\Local\...}, goog:chromeOptions: {debuggerAddress: localhost:53361}, javascriptEnabled: true, networkConnectionEnabled: false, pageLoadStrategy: normal, platform: WINDOWS, platformName: WINDOWS, proxy: Proxy(), setWindowRect: true, strictFileInteractability: false, timeouts: {implicit: 0, pageLoad: 300000, script: 30000}, unhandledPromptBehavior: dismiss and notify, webauthn:virtualAuthenticators: true}
Session ID: 0705ab5e4069f05ecf4ed5d619bfa6f8
	at org.openqa.selenium.remote.http.W3CHttpResponseCodec.createException(W3CHttpResponseCodec.java:187)
	at org.openqa.selenium.remote.http.W3CHttpResponseCodec.decode(W3CHttpResponseCodec.java:122)
	at org.openqa.selenium.remote.http.W3CHttpResponseCodec.decode(W3CHttpResponseCodec.java:49)
	at org.openqa.selenium.remote.HttpCommandExecutor.execute(HttpCommandExecutor.java:158)
	at org.openqa.selenium.remote.service.DriverCommandExecutor.execute(DriverCommandExecutor.java:83)
	at org.openqa.selenium.remote.RemoteWebDriver.execute(RemoteWebDriver.java:552)
	at org.openqa.selenium.remote.RemoteWebDriver.get(RemoteWebDriver.java:277)
	at com.test.GoogleTest.settingupchrome(GoogleTest.java:23)
... Removed 30 stack frames]]>
    </failure>
  </testcase> <!-- @BeforeMethod settingupchrome -->
  <testcase name="@AfterMethod teardown" time="0.0" classname="com.test.GoogleTest">
    <skipped/>
  </testcase> <!-- @AfterMethod teardown -->
  <testcase name="@BeforeMethod settingupchrome" time="0.0" classname="com.test.GoogleTest">
    <skipped/>
  </testcase> <!-- @BeforeMethod settingupchrome -->
  <testcase name="@AfterMethod teardown" time="0.0" classname="com.test.GoogleTest">
    <skipped/>
  </testcase> <!-- @AfterMethod teardown -->
  <testcase name="@AfterTest close" time="0.0" classname="com.test.GoogleTest">
    <skipped/>
  </testcase> <!-- @AfterTest close -->
  <testcase name="@AfterTest closewindow" time="0.0" classname="com.test.GoogleTest">
    <skipped/>
  </testcase> <!-- @AfterTest closewindow -->
  <testcase name="homepage" time="0.01" classname="com.test.TestNgFeatures"/>
  <testcase name="logintest" time="0.002" classname="com.test.TestNgFeatures"/>
  <testcase name="logintest" time="0.002" classname="com.test.TestNgFeatures"/>
  <testcase name="logintest" time="0.002" classname="com.test.TestNgFeatures"/>
  <testcase name="logintest" time="0.002" classname="com.test.TestNgFeatures"/>
  <testcase name="logintest" time="0.003" classname="com.test.TestNgFeatures"/>
  <testcase name="test1" time="0.003" classname="com.test.TestNgFeatures"/>
  <testcase name="closebrowser" time="0.003" classname="com.test.TestNgBasics"/>
  <testcase name="testbrowser" time="0.002" classname="com.test.TestNgBasics"/>
  <testcase name="testing" time="0.001" classname="com.test.GoogleTest">
    <skipped/>
  </testcase> <!-- testing -->
  <testcase name="openingselenium" time="0.0" classname="com.test.GoogleTest">
    <skipped/>
  </testcase> <!-- openingselenium -->
</testsuite> <!-- Test -->
