<?xml version="1.0" encoding="UTF-8"?>
<testng-results skipped="2" failed="0" total="11" passed="9">
  <reporter-output>
  </reporter-output>
  <suite name="Suite" duration-ms="17027" started-at="2020-04-26T16:42:08Z" finished-at="2020-04-26T16:42:25Z">
    <groups>
    </groups>
    <test name="Test" duration-ms="17027" started-at="2020-04-26T16:42:08Z" finished-at="2020-04-26T16:42:25Z">
      <class name="com.test.GoogleTest">
        <test-method status="FAIL" signature="settingupchrome()[pri:0, instance:com.test.GoogleTest@6c658]" name="settingupchrome" is-config="true" duration-ms="0" started-at="2020-04-26T22:12:08Z" finished-at="2020-04-26T22:12:08Z">
          <exception class="org.openqa.selenium.WebDriverException">
            <message>
              <![CDATA[chrome not reachable
  (Session info: chrome=83.0.4103.24)
Build info: version: '3.141.59', revision: 'e82be7d358', time: '2018-11-14T08:25:48'
System info: host: 'SKC', ip: '192.168.2.81', os.name: 'Windows 8.1', os.arch: 'x86', os.version: '6.3', java.version: '1.8.0_161'
Driver info: org.openqa.selenium.chrome.ChromeDriver
Capabilities {acceptInsecureCerts: false, browserName: chrome, browserVersion: 83.0.4103.24, chrome: {chromedriverVersion: 83.0.4103.14 (be04594a2b841..., userDataDir: C:\Users\sai\AppData\Local\...}, goog:chromeOptions: {debuggerAddress: localhost:53361}, javascriptEnabled: true, networkConnectionEnabled: false, pageLoadStrategy: normal, platform: WINDOWS, platformName: WINDOWS, proxy: Proxy(), setWindowRect: true, strictFileInteractability: false, timeouts: {implicit: 0, pageLoad: 300000, script: 30000}, unhandledPromptBehavior: dismiss and notify, webauthn:virtualAuthenticators: true}
Session ID: 0705ab5e4069f05ecf4ed5d619bfa6f8]]>
            </message>
            <full-stacktrace>
              <![CDATA[org.openqa.selenium.WebDriverException: chrome not reachable
  (Session info: chrome=83.0.4103.24)
Build info: version: '3.141.59', revision: 'e82be7d358', time: '2018-11-14T08:25:48'
System info: host: 'SKC', ip: '192.168.2.81', os.name: 'Windows 8.1', os.arch: 'x86', os.version: '6.3', java.version: '1.8.0_161'
Driver info: org.openqa.selenium.chrome.ChromeDriver
Capabilities {acceptInsecureCerts: false, browserName: chrome, browserVersion: 83.0.4103.24, chrome: {chromedriverVersion: 83.0.4103.14 (be04594a2b841..., userDataDir: C:\Users\sai\AppData\Local\...}, goog:chromeOptions: {debuggerAddress: localhost:53361}, javascriptEnabled: true, networkConnectionEnabled: false, pageLoadStrategy: normal, platform: WINDOWS, platformName: WINDOWS, proxy: Proxy(), setWindowRect: true, strictFileInteractability: false, timeouts: {implicit: 0, pageLoad: 300000, script: 30000}, unhandledPromptBehavior: dismiss and notify, webauthn:virtualAuthenticators: true}
Session ID: 0705ab5e4069f05ecf4ed5d619bfa6f8
	at sun.reflect.NativeConstructorAccessorImpl.newInstance0(Native Method)
	at sun.reflect.NativeConstructorAccessorImpl.newInstance(Unknown Source)
	at sun.reflect.DelegatingConstructorAccessorImpl.newInstance(Unknown Source)
	at java.lang.reflect.Constructor.newInstance(Unknown Source)
	at org.openqa.selenium.remote.http.W3CHttpResponseCodec.createException(W3CHttpResponseCodec.java:187)
	at org.openqa.selenium.remote.http.W3CHttpResponseCodec.decode(W3CHttpResponseCodec.java:122)
	at org.openqa.selenium.remote.http.W3CHttpResponseCodec.decode(W3CHttpResponseCodec.java:49)
	at org.openqa.selenium.remote.HttpCommandExecutor.execute(HttpCommandExecutor.java:158)
	at org.openqa.selenium.remote.service.DriverCommandExecutor.execute(DriverCommandExecutor.java:83)
	at org.openqa.selenium.remote.RemoteWebDriver.execute(RemoteWebDriver.java:552)
	at org.openqa.selenium.remote.RemoteWebDriver.get(RemoteWebDriver.java:277)
	at com.test.GoogleTest.settingupchrome(GoogleTest.java:23)
	at sun.reflect.NativeMethodAccessorImpl.invoke0(Native Method)
	at sun.reflect.NativeMethodAccessorImpl.invoke(Unknown Source)
	at sun.reflect.DelegatingMethodAccessorImpl.invoke(Unknown Source)
	at java.lang.reflect.Method.invoke(Unknown Source)
	at org.testng.internal.MethodInvocationHelper.invokeMethod(MethodInvocationHelper.java:86)
	at org.testng.internal.Invoker.invokeConfigurationMethod(Invoker.java:514)
	at org.testng.internal.Invoker.invokeConfigurations(Invoker.java:215)
	at org.testng.internal.Invoker.invokeMethod(Invoker.java:589)
	at org.testng.internal.Invoker.invokeTestMethod(Invoker.java:822)
	at org.testng.internal.Invoker.invokeTestMethods(Invoker.java:1130)
	at org.testng.internal.TestMethodWorker.invokeTestMethods(TestMethodWorker.java:129)
	at org.testng.internal.TestMethodWorker.run(TestMethodWorker.java:112)
	at org.testng.TestRunner.privateRun(TestRunner.java:782)
	at org.testng.TestRunner.run(TestRunner.java:632)
	at org.testng.SuiteRunner.runTest(SuiteRunner.java:366)
	at org.testng.SuiteRunner.runSequentially(SuiteRunner.java:361)
	at org.testng.SuiteRunner.privateRun(SuiteRunner.java:319)
	at org.testng.SuiteRunner.run(SuiteRunner.java:268)
	at org.testng.SuiteRunnerWorker.runSuite(SuiteRunnerWorker.java:52)
	at org.testng.SuiteRunnerWorker.run(SuiteRunnerWorker.java:86)
	at org.testng.TestNG.runSuitesSequentially(TestNG.java:1244)
	at org.testng.TestNG.runSuitesLocally(TestNG.java:1169)
	at org.testng.TestNG.run(TestNG.java:1064)
	at org.testng.remote.RemoteTestNG.run(RemoteTestNG.java:113)
	at org.testng.remote.RemoteTestNG.initAndRun(RemoteTestNG.java:206)
	at org.testng.remote.RemoteTestNG.main(RemoteTestNG.java:177)
]]>
            </full-stacktrace>
          </exception> <!-- org.openqa.selenium.WebDriverException -->
          <reporter-output>
          </reporter-output>
        </test-method> <!-- settingupchrome -->
        <test-method status="SKIP" signature="testing()[pri:2, instance:com.test.GoogleTest@6c658]" name="testing" duration-ms="1" started-at="2020-04-26T22:12:25Z" finished-at="2020-04-26T22:12:25Z">
          <reporter-output>
          </reporter-output>
        </test-method> <!-- testing -->
        <test-method status="SKIP" signature="teardown()[pri:0, instance:com.test.GoogleTest@6c658]" name="teardown" is-config="true" duration-ms="0" started-at="2020-04-26T22:12:25Z" finished-at="2020-04-26T22:12:25Z">
          <reporter-output>
          </reporter-output>
        </test-method> <!-- teardown -->
        <test-method status="SKIP" signature="settingupchrome()[pri:0, instance:com.test.GoogleTest@6c658]" name="settingupchrome" is-config="true" duration-ms="0" started-at="2020-04-26T22:12:25Z" finished-at="2020-04-26T22:12:25Z">
          <reporter-output>
          </reporter-output>
        </test-method> <!-- settingupchrome -->
        <test-method status="SKIP" signature="openingselenium()[pri:3, instance:com.test.GoogleTest@6c658]" name="openingselenium" duration-ms="0" started-at="2020-04-26T22:12:25Z" finished-at="2020-04-26T22:12:25Z">
          <reporter-output>
          </reporter-output>
        </test-method> <!-- openingselenium -->
        <test-method status="SKIP" signature="teardown()[pri:0, instance:com.test.GoogleTest@6c658]" name="teardown" is-config="true" duration-ms="0" started-at="2020-04-26T22:12:25Z" finished-at="2020-04-26T22:12:25Z">
          <reporter-output>
          </reporter-output>
        </test-method> <!-- teardown -->
        <test-method status="SKIP" signature="close()[pri:0, instance:com.test.GoogleTest@6c658]" name="close" is-config="true" duration-ms="0" started-at="2020-04-26T22:12:25Z" finished-at="2020-04-26T22:12:25Z">
          <reporter-output>
          </reporter-output>
        </test-method> <!-- close -->
        <test-method status="SKIP" signature="closewindow()[pri:0, instance:com.test.TestNgBasics@1b11784]" name="closewindow" is-config="true" duration-ms="0" started-at="2020-04-26T22:12:25Z" finished-at="2020-04-26T22:12:25Z">
          <reporter-output>
          </reporter-output>
        </test-method> <!-- closewindow -->
      </class> <!-- com.test.GoogleTest -->
      <class name="com.test.TestNgFeatures">
        <test-method status="PASS" signature="homepage()[pri:0, instance:com.test.TestNgFeatures@1a10788]" name="homepage" duration-ms="10" started-at="2020-04-26T22:12:08Z" finished-at="2020-04-26T22:12:08Z">
          <reporter-output>
          </reporter-output>
        </test-method> <!-- homepage -->
        <test-method status="PASS" signature="logintest()[pri:0, instance:com.test.TestNgFeatures@1a10788]" name="logintest" duration-ms="2" started-at="2020-04-26T22:12:08Z" finished-at="2020-04-26T22:12:08Z">
          <reporter-output>
          </reporter-output>
        </test-method> <!-- logintest -->
        <test-method status="PASS" signature="logintest()[pri:0, instance:com.test.TestNgFeatures@1a10788]" name="logintest" duration-ms="2" started-at="2020-04-26T22:12:08Z" finished-at="2020-04-26T22:12:08Z">
          <reporter-output>
          </reporter-output>
        </test-method> <!-- logintest -->
        <test-method status="PASS" signature="logintest()[pri:0, instance:com.test.TestNgFeatures@1a10788]" name="logintest" duration-ms="2" started-at="2020-04-26T22:12:08Z" finished-at="2020-04-26T22:12:08Z">
          <reporter-output>
          </reporter-output>
        </test-method> <!-- logintest -->
        <test-method status="PASS" signature="logintest()[pri:0, instance:com.test.TestNgFeatures@1a10788]" name="logintest" duration-ms="2" started-at="2020-04-26T22:12:08Z" finished-at="2020-04-26T22:12:08Z">
          <reporter-output>
          </reporter-output>
        </test-method> <!-- logintest -->
        <test-method status="PASS" signature="logintest()[pri:0, instance:com.test.TestNgFeatures@1a10788]" name="logintest" duration-ms="3" started-at="2020-04-26T22:12:08Z" finished-at="2020-04-26T22:12:08Z">
          <reporter-output>
          </reporter-output>
        </test-method> <!-- logintest -->
        <test-method status="PASS" signature="test1()[pri:0, instance:com.test.TestNgFeatures@1a10788]" name="test1" duration-ms="3" started-at="2020-04-26T22:12:08Z" finished-at="2020-04-26T22:12:08Z">
          <exception class="java.lang.NumberFormatException">
            <message>
              <![CDATA[For input string: "543Y"]]>
            </message>
            <full-stacktrace>
              <![CDATA[java.lang.NumberFormatException: For input string: "543Y"
	at java.lang.NumberFormatException.forInputString(Unknown Source)
	at java.lang.Integer.parseInt(Unknown Source)
	at java.lang.Integer.parseInt(Unknown Source)
	at com.test.TestNgFeatures.test1(TestNgFeatures.java:18)
	at sun.reflect.NativeMethodAccessorImpl.invoke0(Native Method)
	at sun.reflect.NativeMethodAccessorImpl.invoke(Unknown Source)
	at sun.reflect.DelegatingMethodAccessorImpl.invoke(Unknown Source)
	at java.lang.reflect.Method.invoke(Unknown Source)
	at org.testng.internal.MethodInvocationHelper.invokeMethod(MethodInvocationHelper.java:86)
	at org.testng.internal.Invoker.invokeMethod(Invoker.java:645)
	at org.testng.internal.Invoker.invokeTestMethod(Invoker.java:822)
	at org.testng.internal.Invoker.invokeTestMethods(Invoker.java:1130)
	at org.testng.internal.TestMethodWorker.invokeTestMethods(TestMethodWorker.java:129)
	at org.testng.internal.TestMethodWorker.run(TestMethodWorker.java:112)
	at org.testng.TestRunner.privateRun(TestRunner.java:782)
	at org.testng.TestRunner.run(TestRunner.java:632)
	at org.testng.SuiteRunner.runTest(SuiteRunner.java:366)
	at org.testng.SuiteRunner.runSequentially(SuiteRunner.java:361)
	at org.testng.SuiteRunner.privateRun(SuiteRunner.java:319)
	at org.testng.SuiteRunner.run(SuiteRunner.java:268)
	at org.testng.SuiteRunnerWorker.runSuite(SuiteRunnerWorker.java:52)
	at org.testng.SuiteRunnerWorker.run(SuiteRunnerWorker.java:86)
	at org.testng.TestNG.runSuitesSequentially(TestNG.java:1244)
	at org.testng.TestNG.runSuitesLocally(TestNG.java:1169)
	at org.testng.TestNG.run(TestNG.java:1064)
	at org.testng.remote.RemoteTestNG.run(RemoteTestNG.java:113)
	at org.testng.remote.RemoteTestNG.initAndRun(RemoteTestNG.java:206)
	at org.testng.remote.RemoteTestNG.main(RemoteTestNG.java:177)
]]>
            </full-stacktrace>
          </exception> <!-- java.lang.NumberFormatException -->
          <reporter-output>
          </reporter-output>
        </test-method> <!-- test1 -->
      </class> <!-- com.test.TestNgFeatures -->
      <class name="com.test.TestNgBasics">
        <test-method status="PASS" signature="deletecookies()[pri:0, instance:com.test.TestNgBasics@1b11784]" name="deletecookies" is-config="true" duration-ms="29" started-at="2020-04-26T22:12:08Z" finished-at="2020-04-26T22:12:08Z">
          <reporter-output>
          </reporter-output>
        </test-method> <!-- deletecookies -->
        <test-method status="PASS" signature="launchBrowser()[pri:0, instance:com.test.TestNgBasics@1b11784]" name="launchBrowser" is-config="true" duration-ms="2" started-at="2020-04-26T22:12:08Z" finished-at="2020-04-26T22:12:08Z">
          <reporter-output>
          </reporter-output>
        </test-method> <!-- launchBrowser -->
        <test-method status="PASS" signature="enterurl()[pri:0, instance:com.test.TestNgBasics@1b11784]" name="enterurl" is-config="true" duration-ms="1" started-at="2020-04-26T22:12:08Z" finished-at="2020-04-26T22:12:08Z">
          <reporter-output>
          </reporter-output>
        </test-method> <!-- enterurl -->
        <test-method status="PASS" signature="closebrowser()[pri:0, instance:com.test.TestNgBasics@1b11784]" name="closebrowser" duration-ms="3" started-at="2020-04-26T22:12:08Z" finished-at="2020-04-26T22:12:08Z">
          <reporter-output>
          </reporter-output>
        </test-method> <!-- closebrowser -->
        <test-method status="PASS" signature="saveforms()[pri:0, instance:com.test.TestNgBasics@1b11784]" name="saveforms" is-config="true" duration-ms="11" started-at="2020-04-26T22:12:08Z" finished-at="2020-04-26T22:12:08Z">
          <reporter-output>
          </reporter-output>
        </test-method> <!-- saveforms -->
        <test-method status="PASS" signature="enterurl()[pri:0, instance:com.test.TestNgBasics@1b11784]" name="enterurl" is-config="true" duration-ms="1" started-at="2020-04-26T22:12:08Z" finished-at="2020-04-26T22:12:08Z">
          <reporter-output>
          </reporter-output>
        </test-method> <!-- enterurl -->
        <test-method status="PASS" signature="testbrowser()[pri:0, instance:com.test.TestNgBasics@1b11784]" name="testbrowser" duration-ms="2" started-at="2020-04-26T22:12:08Z" finished-at="2020-04-26T22:12:08Z">
          <reporter-output>
          </reporter-output>
        </test-method> <!-- testbrowser -->
        <test-method status="PASS" signature="saveforms()[pri:0, instance:com.test.TestNgBasics@1b11784]" name="saveforms" is-config="true" duration-ms="1" started-at="2020-04-26T22:12:08Z" finished-at="2020-04-26T22:12:08Z">
          <reporter-output>
          </reporter-output>
        </test-method> <!-- saveforms -->
      </class> <!-- com.test.TestNgBasics -->
    </test> <!-- Test -->
  </suite> <!-- Suite -->
</testng-results>
